2025-07-23 10:09:09.234 [main] INFO  [c.g.etl.integration.CompleteEtlTest] - Starting CompleteEtlTest using Java 21.0.7 with PID 49454 (/Users/nhokluvavie/IdeaProjects/Guno/push-order-data-test/target/test-classes started by nhokluvavie in /Users/nhokluvavie/IdeaProjects/Guno/push-order-data-test)
2025-07-23 10:09:09.240 [main] INFO  [c.g.etl.integration.CompleteEtlTest] - The following 1 profile is active: "test"
2025-07-23 10:09:10.232 [main] INFO  [o.s.d.r.c.RepositoryConfigurationDelegate] - Bootstrapping Spring Data JPA repositories in DEFAULT mode.
2025-07-23 10:09:10.526 [main] INFO  [o.s.d.r.c.RepositoryConfigurationDelegate] - Finished Spring Data repository scanning in 278 ms. Found 11 JPA repository interfaces.
2025-07-23 10:09:11.819 [main] INFO  [o.h.jpa.internal.util.LogHelper] - HHH000204: Processing PersistenceUnitInfo [name: default]
2025-07-23 10:09:11.958 [main] INFO  [org.hibernate.Version] - HHH000412: Hibernate ORM core version 6.3.1.Final
2025-07-23 10:09:12.041 [main] INFO  [o.h.c.i.RegionFactoryInitiator] - HHH000026: Second-level cache disabled
2025-07-23 10:09:12.475 [main] INFO  [o.s.o.j.p.SpringPersistenceUnitInfo] - No LoadTimeWeaver setup: ignoring JPA class transformer
2025-07-23 10:09:12.517 [main] INFO  [com.zaxxer.hikari.HikariDataSource] - HikariPool-1 - Starting...
2025-07-23 10:09:13.416 [main] INFO  [com.zaxxer.hikari.pool.HikariPool] - HikariPool-1 - Added connection org.postgresql.jdbc.PgConnection@55c50f52
2025-07-23 10:09:13.418 [main] INFO  [com.zaxxer.hikari.HikariDataSource] - HikariPool-1 - Start completed.
2025-07-23 10:09:13.520 [main] WARN  [org.hibernate.orm.deprecation] - HHH90000025: PostgreSQLDialect does not need to be specified explicitly using 'hibernate.dialect' (remove the property setting and it will be selected by default)
2025-07-23 10:09:15.535 [main] INFO  [o.h.e.t.j.p.i.JtaPlatformInitiator] - HHH000489: No JTA platform available (set 'hibernate.transaction.jta.platform' to enable JTA platform integration)
2025-07-23 10:09:15.930 [main] WARN  [o.h.t.s.i.ExceptionHandlerLoggedImpl] - GenerationTarget encountered exception accepting command : Error executing DDL "alter table if exists tbl_order alter column created_at set data type timestamp(6)" via JDBC [ERROR: column "created_at" cannot be cast automatically to type timestamp without time zone
  Hint: You might need to specify "USING created_at::timestamp(6) without time zone".]
org.hibernate.tool.schema.spi.CommandAcceptanceException: Error executing DDL "alter table if exists tbl_order alter column created_at set data type timestamp(6)" via JDBC [ERROR: column "created_at" cannot be cast automatically to type timestamp without time zone
  Hint: You might need to specify "USING created_at::timestamp(6) without time zone".]
	at org.hibernate.tool.schema.internal.exec.GenerationTargetToDatabase.accept(GenerationTargetToDatabase.java:94)
	at org.hibernate.tool.schema.internal.AbstractSchemaMigrator.applySqlString(AbstractSchemaMigrator.java:574)
	at org.hibernate.tool.schema.internal.AbstractSchemaMigrator.applySqlStrings(AbstractSchemaMigrator.java:514)
	at org.hibernate.tool.schema.internal.AbstractSchemaMigrator.migrateTable(AbstractSchemaMigrator.java:333)
	at org.hibernate.tool.schema.internal.GroupedSchemaMigratorImpl.performTablesMigration(GroupedSchemaMigratorImpl.java:84)
	at org.hibernate.tool.schema.internal.AbstractSchemaMigrator.performMigration(AbstractSchemaMigrator.java:232)
	at org.hibernate.tool.schema.internal.AbstractSchemaMigrator.doMigration(AbstractSchemaMigrator.java:117)
	at org.hibernate.tool.schema.spi.SchemaManagementToolCoordinator.performDatabaseAction(SchemaManagementToolCoordinator.java:286)
	at org.hibernate.tool.schema.spi.SchemaManagementToolCoordinator.lambda$process$5(SchemaManagementToolCoordinator.java:145)
	at java.base/java.util.HashMap.forEach(HashMap.java:1429)
	at org.hibernate.tool.schema.spi.SchemaManagementToolCoordinator.process(SchemaManagementToolCoordinator.java:142)
	at org.hibernate.boot.internal.SessionFactoryObserverForSchemaExport.sessionFactoryCreated(SessionFactoryObserverForSchemaExport.java:37)
	at org.hibernate.internal.SessionFactoryObserverChain.sessionFactoryCreated(SessionFactoryObserverChain.java:35)
	at org.hibernate.internal.SessionFactoryImpl.<init>(SessionFactoryImpl.java:295)
	at org.hibernate.boot.internal.SessionFactoryBuilderImpl.build(SessionFactoryBuilderImpl.java:450)
	at org.hibernate.jpa.boot.internal.EntityManagerFactoryBuilderImpl.build(EntityManagerFactoryBuilderImpl.java:1507)
	at org.springframework.orm.jpa.vendor.SpringHibernateJpaPersistenceProvider.createContainerEntityManagerFactory(SpringHibernateJpaPersistenceProvider.java:75)
	at org.springframework.orm.jpa.LocalContainerEntityManagerFactoryBean.createNativeEntityManagerFactory(LocalContainerEntityManagerFactoryBean.java:376)
	at org.springframework.orm.jpa.AbstractEntityManagerFactoryBean.buildNativeEntityManagerFactory(AbstractEntityManagerFactoryBean.java:409)
	at org.springframework.orm.jpa.AbstractEntityManagerFactoryBean.afterPropertiesSet(AbstractEntityManagerFactoryBean.java:396)
	at org.springframework.orm.jpa.LocalContainerEntityManagerFactoryBean.afterPropertiesSet(LocalContainerEntityManagerFactoryBean.java:352)
	at org.springframework.beans.factory.support.AbstractAutowireCapableBeanFactory.invokeInitMethods(AbstractAutowireCapableBeanFactory.java:1822)
	at org.springframework.beans.factory.support.AbstractAutowireCapableBeanFactory.initializeBean(AbstractAutowireCapableBeanFactory.java:1771)
	at org.springframework.beans.factory.support.AbstractAutowireCapableBeanFactory.doCreateBean(AbstractAutowireCapableBeanFactory.java:601)
	at org.springframework.beans.factory.support.AbstractAutowireCapableBeanFactory.createBean(AbstractAutowireCapableBeanFactory.java:523)
	at org.springframework.beans.factory.support.AbstractBeanFactory.lambda$doGetBean$0(AbstractBeanFactory.java:325)
	at org.springframework.beans.factory.support.DefaultSingletonBeanRegistry.getSingleton(DefaultSingletonBeanRegistry.java:234)
	at org.springframework.beans.factory.support.AbstractBeanFactory.doGetBean(AbstractBeanFactory.java:323)
	at org.springframework.beans.factory.support.AbstractBeanFactory.getBean(AbstractBeanFactory.java:199)
	at org.springframework.context.support.AbstractApplicationContext.getBean(AbstractApplicationContext.java:1173)
	at org.springframework.context.support.AbstractApplicationContext.finishBeanFactoryInitialization(AbstractApplicationContext.java:936)
	at org.springframework.context.support.AbstractApplicationContext.refresh(AbstractApplicationContext.java:616)
	at org.springframework.boot.web.reactive.context.ReactiveWebServerApplicationContext.refresh(ReactiveWebServerApplicationContext.java:66)
	at org.springframework.boot.SpringApplication.refresh(SpringApplication.java:753)
	at org.springframework.boot.SpringApplication.refreshContext(SpringApplication.java:455)
	at org.springframework.boot.SpringApplication.run(SpringApplication.java:323)
	at org.springframework.boot.SpringApplication.run(SpringApplication.java:1342)
	at org.springframework.boot.SpringApplication.run(SpringApplication.java:1331)
	at com.guno.etl.integration.CompleteEtlTest.initializeSpringContext(CompleteEtlTest.java:77)
	at com.guno.etl.integration.CompleteEtlTest.main(CompleteEtlTest.java:49)
Caused by: org.postgresql.util.PSQLException: ERROR: column "created_at" cannot be cast automatically to type timestamp without time zone
  Hint: You might need to specify "USING created_at::timestamp(6) without time zone".
	at org.postgresql.core.v3.QueryExecutorImpl.receiveErrorResponse(QueryExecutorImpl.java:2713)
	at org.postgresql.core.v3.QueryExecutorImpl.processResults(QueryExecutorImpl.java:2401)
	at org.postgresql.core.v3.QueryExecutorImpl.execute(QueryExecutorImpl.java:368)
	at org.postgresql.jdbc.PgStatement.executeInternal(PgStatement.java:498)
	at org.postgresql.jdbc.PgStatement.execute(PgStatement.java:415)
	at org.postgresql.jdbc.PgStatement.executeWithFlags(PgStatement.java:335)
	at org.postgresql.jdbc.PgStatement.executeCachedSql(PgStatement.java:321)
	at org.postgresql.jdbc.PgStatement.executeWithFlags(PgStatement.java:297)
	at org.postgresql.jdbc.PgStatement.execute(PgStatement.java:292)
	at com.zaxxer.hikari.pool.ProxyStatement.execute(ProxyStatement.java:94)
	at com.zaxxer.hikari.pool.HikariProxyStatement.execute(HikariProxyStatement.java)
	at org.hibernate.tool.schema.internal.exec.GenerationTargetToDatabase.accept(GenerationTargetToDatabase.java:80)
	... 39 common frames omitted
2025-07-23 10:09:16.116 [main] WARN  [o.h.t.s.i.ExceptionHandlerLoggedImpl] - GenerationTarget encountered exception accepting command : Error executing DDL "alter table if exists tbl_processing_date_info alter column full_date set data type timestamp(6)" via JDBC [ERROR: column "full_date" cannot be cast automatically to type timestamp without time zone
  Hint: You might need to specify "USING full_date::timestamp(6) without time zone".]
org.hibernate.tool.schema.spi.CommandAcceptanceException: Error executing DDL "alter table if exists tbl_processing_date_info alter column full_date set data type timestamp(6)" via JDBC [ERROR: column "full_date" cannot be cast automatically to type timestamp without time zone
  Hint: You might need to specify "USING full_date::timestamp(6) without time zone".]
	at org.hibernate.tool.schema.internal.exec.GenerationTargetToDatabase.accept(GenerationTargetToDatabase.java:94)
	at org.hibernate.tool.schema.internal.AbstractSchemaMigrator.applySqlString(AbstractSchemaMigrator.java:574)
	at org.hibernate.tool.schema.internal.AbstractSchemaMigrator.applySqlStrings(AbstractSchemaMigrator.java:514)
	at org.hibernate.tool.schema.internal.AbstractSchemaMigrator.migrateTable(AbstractSchemaMigrator.java:333)
	at org.hibernate.tool.schema.internal.GroupedSchemaMigratorImpl.performTablesMigration(GroupedSchemaMigratorImpl.java:84)
	at org.hibernate.tool.schema.internal.AbstractSchemaMigrator.performMigration(AbstractSchemaMigrator.java:232)
	at org.hibernate.tool.schema.internal.AbstractSchemaMigrator.doMigration(AbstractSchemaMigrator.java:117)
	at org.hibernate.tool.schema.spi.SchemaManagementToolCoordinator.performDatabaseAction(SchemaManagementToolCoordinator.java:286)
	at org.hibernate.tool.schema.spi.SchemaManagementToolCoordinator.lambda$process$5(SchemaManagementToolCoordinator.java:145)
	at java.base/java.util.HashMap.forEach(HashMap.java:1429)
	at org.hibernate.tool.schema.spi.SchemaManagementToolCoordinator.process(SchemaManagementToolCoordinator.java:142)
	at org.hibernate.boot.internal.SessionFactoryObserverForSchemaExport.sessionFactoryCreated(SessionFactoryObserverForSchemaExport.java:37)
	at org.hibernate.internal.SessionFactoryObserverChain.sessionFactoryCreated(SessionFactoryObserverChain.java:35)
	at org.hibernate.internal.SessionFactoryImpl.<init>(SessionFactoryImpl.java:295)
	at org.hibernate.boot.internal.SessionFactoryBuilderImpl.build(SessionFactoryBuilderImpl.java:450)
	at org.hibernate.jpa.boot.internal.EntityManagerFactoryBuilderImpl.build(EntityManagerFactoryBuilderImpl.java:1507)
	at org.springframework.orm.jpa.vendor.SpringHibernateJpaPersistenceProvider.createContainerEntityManagerFactory(SpringHibernateJpaPersistenceProvider.java:75)
	at org.springframework.orm.jpa.LocalContainerEntityManagerFactoryBean.createNativeEntityManagerFactory(LocalContainerEntityManagerFactoryBean.java:376)
	at org.springframework.orm.jpa.AbstractEntityManagerFactoryBean.buildNativeEntityManagerFactory(AbstractEntityManagerFactoryBean.java:409)
	at org.springframework.orm.jpa.AbstractEntityManagerFactoryBean.afterPropertiesSet(AbstractEntityManagerFactoryBean.java:396)
	at org.springframework.orm.jpa.LocalContainerEntityManagerFactoryBean.afterPropertiesSet(LocalContainerEntityManagerFactoryBean.java:352)
	at org.springframework.beans.factory.support.AbstractAutowireCapableBeanFactory.invokeInitMethods(AbstractAutowireCapableBeanFactory.java:1822)
	at org.springframework.beans.factory.support.AbstractAutowireCapableBeanFactory.initializeBean(AbstractAutowireCapableBeanFactory.java:1771)
	at org.springframework.beans.factory.support.AbstractAutowireCapableBeanFactory.doCreateBean(AbstractAutowireCapableBeanFactory.java:601)
	at org.springframework.beans.factory.support.AbstractAutowireCapableBeanFactory.createBean(AbstractAutowireCapableBeanFactory.java:523)
	at org.springframework.beans.factory.support.AbstractBeanFactory.lambda$doGetBean$0(AbstractBeanFactory.java:325)
	at org.springframework.beans.factory.support.DefaultSingletonBeanRegistry.getSingleton(DefaultSingletonBeanRegistry.java:234)
	at org.springframework.beans.factory.support.AbstractBeanFactory.doGetBean(AbstractBeanFactory.java:323)
	at org.springframework.beans.factory.support.AbstractBeanFactory.getBean(AbstractBeanFactory.java:199)
	at org.springframework.context.support.AbstractApplicationContext.getBean(AbstractApplicationContext.java:1173)
	at org.springframework.context.support.AbstractApplicationContext.finishBeanFactoryInitialization(AbstractApplicationContext.java:936)
	at org.springframework.context.support.AbstractApplicationContext.refresh(AbstractApplicationContext.java:616)
	at org.springframework.boot.web.reactive.context.ReactiveWebServerApplicationContext.refresh(ReactiveWebServerApplicationContext.java:66)
	at org.springframework.boot.SpringApplication.refresh(SpringApplication.java:753)
	at org.springframework.boot.SpringApplication.refreshContext(SpringApplication.java:455)
	at org.springframework.boot.SpringApplication.run(SpringApplication.java:323)
	at org.springframework.boot.SpringApplication.run(SpringApplication.java:1342)
	at org.springframework.boot.SpringApplication.run(SpringApplication.java:1331)
	at com.guno.etl.integration.CompleteEtlTest.initializeSpringContext(CompleteEtlTest.java:77)
	at com.guno.etl.integration.CompleteEtlTest.main(CompleteEtlTest.java:49)
Caused by: org.postgresql.util.PSQLException: ERROR: column "full_date" cannot be cast automatically to type timestamp without time zone
  Hint: You might need to specify "USING full_date::timestamp(6) without time zone".
	at org.postgresql.core.v3.QueryExecutorImpl.receiveErrorResponse(QueryExecutorImpl.java:2713)
	at org.postgresql.core.v3.QueryExecutorImpl.processResults(QueryExecutorImpl.java:2401)
	at org.postgresql.core.v3.QueryExecutorImpl.execute(QueryExecutorImpl.java:368)
	at org.postgresql.jdbc.PgStatement.executeInternal(PgStatement.java:498)
	at org.postgresql.jdbc.PgStatement.execute(PgStatement.java:415)
	at org.postgresql.jdbc.PgStatement.executeWithFlags(PgStatement.java:335)
	at org.postgresql.jdbc.PgStatement.executeCachedSql(PgStatement.java:321)
	at org.postgresql.jdbc.PgStatement.executeWithFlags(PgStatement.java:297)
	at org.postgresql.jdbc.PgStatement.execute(PgStatement.java:292)
	at com.zaxxer.hikari.pool.ProxyStatement.execute(ProxyStatement.java:94)
	at com.zaxxer.hikari.pool.HikariProxyStatement.execute(HikariProxyStatement.java)
	at org.hibernate.tool.schema.internal.exec.GenerationTargetToDatabase.accept(GenerationTargetToDatabase.java:80)
	... 39 common frames omitted
2025-07-23 10:09:17.340 [main] INFO  [o.s.o.j.LocalContainerEntityManagerFactoryBean] - Initialized JPA EntityManagerFactory for persistence unit 'default'
2025-07-23 10:09:17.423 [main] INFO  [c.guno.etl.service.ShopeeApiService] - Added Authorization header to API client
2025-07-23 10:09:17.655 [main] INFO  [c.guno.etl.service.ShopeeApiService] - ShopeeApiService initialized with base URL: https://n8n.guno.club/webhook/ddaece67-7b38-4c3d-a31d-d50c9cfd89c8/hub-data/orders/shopee
2025-07-23 10:09:17.656 [main] INFO  [c.guno.etl.service.ShopeeApiService] - Default settings - Page size: 10, Timeout: PT1M, Max retries: 2
2025-07-23 10:09:17.656 [main] INFO  [c.guno.etl.service.ShopeeApiService] - Headers configured - Auth: ***SET***, API-Key: ***SET***
2025-07-23 10:09:18.112 [main] INFO  [o.s.d.j.r.query.QueryEnhancerFactory] - Hibernate is in classpath; If applicable, HQL parser will be used.
2025-07-23 10:09:20.517 [main] INFO  [com.guno.etl.config.DatabaseConfig] - Database configuration initialized
2025-07-23 10:09:20.518 [main] INFO  [com.guno.etl.config.DatabaseConfig] - JPA repositories enabled for package: com.guno.etl.repository
2025-07-23 10:09:20.518 [main] INFO  [com.guno.etl.config.DatabaseConfig] - Entity scan enabled for package: com.guno.etl.entity
2025-07-23 10:09:20.556 [main] INFO  [c.guno.etl.config.SchedulingConfig] - ETL Task Scheduler configured:
2025-07-23 10:09:20.557 [main] INFO  [c.guno.etl.config.SchedulingConfig] -   Thread Pool Size: 2
2025-07-23 10:09:20.557 [main] INFO  [c.guno.etl.config.SchedulingConfig] -   Thread Name Prefix: ETL-Scheduler-
2025-07-23 10:09:20.557 [main] INFO  [c.guno.etl.config.SchedulingConfig] -   Await Termination: 20 seconds
2025-07-23 10:09:21.157 [main] INFO  [o.s.b.w.e.netty.NettyWebServer] - Netty started on port 8080
2025-07-23 10:09:21.169 [main] INFO  [c.g.etl.integration.CompleteEtlTest] - Started CompleteEtlTest in 13.069 seconds (process running for 14.045)
2025-07-23 10:09:21.994 [main] INFO  [c.guno.etl.service.ShopeeApiService] - Fetching updated Shopee orders for current date: 2025-07-17 - page: 1, limit: 1
2025-07-23 10:09:24.884 [main] INFO  [c.guno.etl.service.ShopeeApiService] - Successfully fetched 1 updated orders for date 2025-07-17 on page 1
2025-07-23 10:09:24.885 [main] INFO  [c.guno.etl.service.ShopeeApiService] - Fetching updated Shopee orders for current date: 2025-07-17 - page: 1, limit: 1
2025-07-23 10:09:25.742 [main] INFO  [c.guno.etl.service.ShopeeApiService] - Successfully fetched 1 updated orders for date 2025-07-17 on page 1
2025-07-23 10:09:25.743 [main] INFO  [c.guno.etl.service.ShopeeApiService] - API health check for 2025-07-23 - Healthy: true
2025-07-23 10:09:25.744 [main] INFO  [c.guno.etl.service.ShopeeApiService] - Fetching updated Shopee orders for current date: 2025-07-17 - page: 20, limit: 10
2025-07-23 10:09:26.732 [main] INFO  [c.guno.etl.service.ShopeeApiService] - Successfully fetched 10 updated orders for date 2025-07-17 on page 20
2025-07-23 10:09:26.961 [main] INFO  [c.guno.etl.service.ShopeeEtlService] - === Starting ETL process for updated orders ===
2025-07-23 10:09:26.962 [main] INFO  [c.guno.etl.service.ShopeeApiService] - Fetching updated Shopee orders for current date: 2025-07-17 - page: 20, limit: 10
2025-07-23 10:09:27.825 [main] INFO  [c.guno.etl.service.ShopeeApiService] - Successfully fetched 10 updated orders for date 2025-07-17 on page 20
2025-07-23 10:09:27.826 [main] INFO  [c.guno.etl.service.ShopeeEtlService] - Retrieved 10 updated orders from API
2025-07-23 10:09:33.442 [main] INFO  [c.guno.etl.service.ShopeeEtlService] - Order 250716A3EBAMS7 UPSERT completed successfully - ALL 9 TABLES
2025-07-23 10:09:38.123 [main] INFO  [c.guno.etl.service.ShopeeEtlService] - Order 2507168M7NJWWA UPSERT completed successfully - ALL 9 TABLES
2025-07-23 10:09:43.804 [main] INFO  [c.guno.etl.service.ShopeeEtlService] - Order 2507168KDVNM3D UPSERT completed successfully - ALL 9 TABLES
2025-07-23 10:09:49.167 [main] INFO  [c.guno.etl.service.ShopeeEtlService] - Order 250710QY96X1K3 UPSERT completed successfully - ALL 9 TABLES
2025-07-23 10:09:54.882 [main] INFO  [c.guno.etl.service.ShopeeEtlService] - Order 2507157RMQYETF UPSERT completed successfully - ALL 9 TABLES
2025-07-23 10:09:59.389 [main] INFO  [c.guno.etl.service.ShopeeEtlService] - Order 2507131TQJHD9R UPSERT completed successfully - ALL 9 TABLES
2025-07-23 10:10:03.927 [main] INFO  [c.guno.etl.service.ShopeeEtlService] - Order 250711U8H9H443 UPSERT completed successfully - ALL 9 TABLES
2025-07-23 10:10:07.543 [main] INFO  [c.guno.etl.service.ShopeeEtlService] - Order 2507145WKJKMT5 UPSERT completed successfully - ALL 9 TABLES
2025-07-23 10:10:11.468 [main] INFO  [c.guno.etl.service.ShopeeEtlService] - Order 2507157DCWACHX UPSERT completed successfully - ALL 9 TABLES
2025-07-23 10:10:16.051 [main] INFO  [c.guno.etl.service.ShopeeEtlService] - Order 250715658DXGHA UPSERT completed successfully - ALL 9 TABLES
2025-07-23 10:10:16.052 [main] INFO  [c.guno.etl.service.ShopeeEtlService] - === ETL process completed ===
2025-07-23 10:10:16.052 [main] INFO  [c.guno.etl.service.ShopeeEtlService] - Total orders processed: 10/10
2025-07-23 10:10:16.052 [main] INFO  [c.guno.etl.service.ShopeeEtlService] - Success rate: 100.0%
2025-07-23 10:10:16.052 [main] INFO  [c.guno.etl.service.ShopeeEtlService] - Duration: 0 ms
2025-07-23 10:10:17.587 [main] INFO  [com.guno.etl.ShopeeEtlApplication] - ============================================================
2025-07-23 10:10:17.587 [main] INFO  [com.guno.etl.ShopeeEtlApplication] - 🎉 SHOPEE ETL APPLICATION STARTED SUCCESSFULLY 🎉
2025-07-23 10:10:17.587 [main] INFO  [com.guno.etl.ShopeeEtlApplication] - ============================================================
2025-07-23 10:10:17.588 [main] INFO  [com.guno.etl.ShopeeEtlApplication] - Application: shopee-etl-test
2025-07-23 10:10:17.588 [main] INFO  [com.guno.etl.ShopeeEtlApplication] - Profile: test
2025-07-23 10:10:17.588 [main] INFO  [com.guno.etl.ShopeeEtlApplication] - Java Version: 21.0.7
2025-07-23 10:10:17.592 [main] INFO  [com.guno.etl.ShopeeEtlApplication] - Spring Boot Version: 3.2.0
2025-07-23 10:10:17.593 [main] INFO  [com.guno.etl.ShopeeEtlApplication] - 
2025-07-23 10:10:17.593 [main] INFO  [com.guno.etl.ShopeeEtlApplication] - 📋 Configuration Summary:
2025-07-23 10:10:17.593 [main] INFO  [com.guno.etl.ShopeeEtlApplication] - ----------------------------------------
2025-07-23 10:10:17.594 [main] INFO  [com.guno.etl.ShopeeEtlApplication] - Database URL: jdbc:postgresql://103.97.125.92:5432/guno_db_test?useSSL=false
2025-07-23 10:10:17.594 [main] INFO  [com.guno.etl.ShopeeEtlApplication] - Database User: guno_user
2025-07-23 10:10:17.594 [main] INFO  [com.guno.etl.ShopeeEtlApplication] - API URL: https://n8n.guno.club/webhook/ddaece67-7b38-4c3d-a31d-d50c9cfd89c8/hub-data/orders/shopee
2025-07-23 10:10:17.594 [main] INFO  [com.guno.etl.ShopeeEtlApplication] - API Timeout: 60s
2025-07-23 10:10:17.594 [main] INFO  [com.guno.etl.ShopeeEtlApplication] - API Page Size: 10
2025-07-23 10:10:17.595 [main] INFO  [com.guno.etl.ShopeeEtlApplication] - Scheduler Enabled: false
2025-07-23 10:10:17.595 [main] INFO  [com.guno.etl.ShopeeEtlApplication] - Scheduler Rate: 10000 ms
2025-07-23 10:10:17.595 [main] INFO  [com.guno.etl.ShopeeEtlApplication] - Log Level: INFO
2025-07-23 10:10:17.595 [main] INFO  [com.guno.etl.ShopeeEtlApplication] - Log File: logs/shopee-etl.log
2025-07-23 10:10:17.595 [main] INFO  [com.guno.etl.ShopeeEtlApplication] - 
2025-07-23 10:10:17.595 [main] INFO  [com.guno.etl.ShopeeEtlApplication] - 🌐 Access Information:
2025-07-23 10:10:17.596 [main] INFO  [com.guno.etl.ShopeeEtlApplication] - ----------------------------------------
2025-07-23 10:10:17.597 [main] INFO  [com.guno.etl.ShopeeEtlApplication] - Server Port: 8080
2025-07-23 10:10:17.598 [main] INFO  [com.guno.etl.ShopeeEtlApplication] - Local Access: http://localhost:8080
2025-07-23 10:10:17.598 [main] INFO  [com.guno.etl.ShopeeEtlApplication] - Network Access: http://127.0.0.1:8080
2025-07-23 10:10:17.598 [main] INFO  [com.guno.etl.ShopeeEtlApplication] - 
2025-07-23 10:10:17.598 [main] INFO  [com.guno.etl.ShopeeEtlApplication] - 📚 API Documentation:
2025-07-23 10:10:17.598 [main] INFO  [com.guno.etl.ShopeeEtlApplication] - Help: http://localhost:8080/api/etl/help
2025-07-23 10:10:17.598 [main] INFO  [com.guno.etl.ShopeeEtlApplication] - Status: http://localhost:8080/api/etl/status
2025-07-23 10:10:17.598 [main] INFO  [com.guno.etl.ShopeeEtlApplication] - Test API: http://localhost:8080/api/etl/api-test
2025-07-23 10:10:17.598 [main] INFO  [com.guno.etl.ShopeeEtlApplication] - Manual ETL: POST http://localhost:8080/api/etl/trigger
2025-07-23 10:10:17.598 [main] INFO  [com.guno.etl.ShopeeEtlApplication] - 
2025-07-23 10:10:17.598 [main] INFO  [com.guno.etl.ShopeeEtlApplication] - 🔧 Management Endpoints:
2025-07-23 10:10:17.599 [main] INFO  [com.guno.etl.ShopeeEtlApplication] - Health Check: http://localhost:8080/actuator/health
2025-07-23 10:10:17.599 [main] INFO  [com.guno.etl.ShopeeEtlApplication] - Application Info: http://localhost:8080/actuator/info
2025-07-23 10:10:17.599 [main] INFO  [com.guno.etl.ShopeeEtlApplication] - 
2025-07-23 10:10:17.599 [main] INFO  [com.guno.etl.ShopeeEtlApplication] - ⚡ ETL Operations:
2025-07-23 10:10:17.599 [main] INFO  [com.guno.etl.ShopeeEtlApplication] - ⚠️ Automated ETL: DISABLED
2025-07-23 10:10:17.600 [main] INFO  [com.guno.etl.ShopeeEtlApplication] - 💡 Use POST /api/etl/trigger for manual processing
2025-07-23 10:10:17.600 [main] INFO  [com.guno.etl.ShopeeEtlApplication] - 
2025-07-23 10:10:17.600 [main] INFO  [com.guno.etl.ShopeeEtlApplication] - ============================================================
2025-07-23 10:10:17.600 [main] INFO  [com.guno.etl.ShopeeEtlApplication] - 🚀 Ready to process Shopee orders!
2025-07-23 10:10:17.600 [main] INFO  [com.guno.etl.ShopeeEtlApplication] - ============================================================
2025-07-23 10:10:17.600 [main] INFO  [c.g.etl.service.ScheduledEtlService] - === ETL Scheduler Initialization ===
2025-07-23 10:10:17.600 [main] INFO  [c.g.etl.service.ScheduledEtlService] - Scheduler Enabled: false
2025-07-23 10:10:17.600 [main] INFO  [c.g.etl.service.ScheduledEtlService] - Fixed Rate: 10000 ms (10 seconds)
2025-07-23 10:10:17.600 [main] INFO  [c.g.etl.service.ScheduledEtlService] - Initial Delay: 1000 ms (1 seconds)
2025-07-23 10:10:17.600 [main] INFO  [c.g.etl.service.ScheduledEtlService] - Health Check Interval: 300000 ms (5 minutes)
2025-07-23 10:10:17.601 [main] INFO  [c.g.etl.service.ScheduledEtlService] - Max Consecutive Failures: 2
2025-07-23 10:10:17.601 [main] WARN  [c.g.etl.service.ScheduledEtlService] - ETL Scheduler is DISABLED. Set etl.scheduler.enabled=true to enable.
2025-07-23 10:10:17.602 [main] INFO  [c.guno.etl.service.ShopeeApiService] - Fetching updated Shopee orders for current date: 2025-07-17 - page: 1, limit: 1
2025-07-23 10:10:18.165 [main] INFO  [c.guno.etl.service.ShopeeApiService] - Successfully fetched 1 updated orders for date 2025-07-17 on page 1
2025-07-23 10:10:18.165 [main] INFO  [c.guno.etl.service.ShopeeApiService] - API health check for 2025-07-23 - Healthy: true
2025-07-23 10:10:18.165 [main] INFO  [c.guno.etl.service.ShopeeApiService] - Fetching updated Shopee orders for current date: 2025-07-17 - page: 20, limit: 10
2025-07-23 10:10:18.653 [main] INFO  [c.guno.etl.service.ShopeeApiService] - Successfully fetched 10 updated orders for date 2025-07-17 on page 20
2025-07-23 10:10:19.856 [main] INFO  [c.guno.etl.service.ShopeeEtlService] - === Starting ETL process for updated orders ===
2025-07-23 10:10:19.856 [main] INFO  [c.guno.etl.service.ShopeeApiService] - Fetching updated Shopee orders for current date: 2025-07-17 - page: 20, limit: 10
2025-07-23 10:10:20.376 [main] INFO  [c.guno.etl.service.ShopeeApiService] - Successfully fetched 10 updated orders for date 2025-07-17 on page 20
2025-07-23 10:10:20.376 [main] INFO  [c.guno.etl.service.ShopeeEtlService] - Retrieved 10 updated orders from API
2025-07-23 10:10:24.971 [main] INFO  [c.guno.etl.service.ShopeeEtlService] - Order 250716A3EBAMS7 UPSERT completed successfully - ALL 9 TABLES
2025-07-23 10:10:28.591 [main] INFO  [c.guno.etl.service.ShopeeEtlService] - Order 2507168M7NJWWA UPSERT completed successfully - ALL 9 TABLES
2025-07-23 10:10:33.096 [main] INFO  [c.guno.etl.service.ShopeeEtlService] - Order 2507168KDVNM3D UPSERT completed successfully - ALL 9 TABLES
2025-07-23 10:10:38.486 [main] INFO  [c.guno.etl.service.ShopeeEtlService] - Order 250710QY96X1K3 UPSERT completed successfully - ALL 9 TABLES
2025-07-23 10:10:42.353 [main] INFO  [c.guno.etl.service.ShopeeEtlService] - Order 2507157RMQYETF UPSERT completed successfully - ALL 9 TABLES
2025-07-23 10:10:46.310 [main] INFO  [c.guno.etl.service.ShopeeEtlService] - Order 2507131TQJHD9R UPSERT completed successfully - ALL 9 TABLES
2025-07-23 10:10:50.105 [main] INFO  [c.guno.etl.service.ShopeeEtlService] - Order 250711U8H9H443 UPSERT completed successfully - ALL 9 TABLES
2025-07-23 10:10:53.021 [main] INFO  [c.guno.etl.service.ShopeeEtlService] - Order 2507145WKJKMT5 UPSERT completed successfully - ALL 9 TABLES
2025-07-23 10:10:55.742 [main] INFO  [c.guno.etl.service.ShopeeEtlService] - Order 2507157DCWACHX UPSERT completed successfully - ALL 9 TABLES
2025-07-23 10:11:01.082 [main] INFO  [c.guno.etl.service.ShopeeEtlService] - Order 250715658DXGHA UPSERT completed successfully - ALL 9 TABLES
2025-07-23 10:11:01.083 [main] INFO  [c.guno.etl.service.ShopeeEtlService] - === ETL process completed ===
2025-07-23 10:11:01.084 [main] INFO  [c.guno.etl.service.ShopeeEtlService] - Total orders processed: 10/10
2025-07-23 10:11:01.084 [main] INFO  [c.guno.etl.service.ShopeeEtlService] - Success rate: 100.0%
2025-07-23 10:11:01.084 [main] INFO  [c.guno.etl.service.ShopeeEtlService] - Duration: 0 ms
2025-07-23 10:12:17.350 [SpringApplicationShutdownHook] INFO  [o.s.o.j.LocalContainerEntityManagerFactoryBean] - Closing JPA EntityManagerFactory for persistence unit 'default'
2025-07-23 10:12:17.354 [SpringApplicationShutdownHook] INFO  [com.zaxxer.hikari.HikariDataSource] - HikariPool-1 - Shutdown initiated...
2025-07-23 10:12:17.356 [SpringApplicationShutdownHook] INFO  [com.zaxxer.hikari.HikariDataSource] - HikariPool-1 - Shutdown completed.
